<?xml version="1.0" encoding="UTF-8"?>
<robot generator="Robot 7.0 (Python 3.12.2 on win32)" generated="2024-04-08T19:00:10.162886" rpa="false" schemaversion="5">
<suite id="s1" name="validationTest" source="D:\robot-validate-test\validationTest.robot">
<test id="s1-t1" name="Test 01 All Input Correct" line="5">
<kw name="Open Browser" owner="SeleniumLibrary">
<msg time="2024-04-08T19:00:10.595211" level="INFO">Opening browser 'Edge' to base url 'https://react-form-for-robot.vercel.app/'.</msg>
<arg>${URL}</arg>
<arg>${BROWSER}</arg>
<doc>Opens a new browser instance to the optional ``url``.</doc>
<status status="PASS" start="2024-04-08T19:00:10.595211" elapsed="2.894270"/>
</kw>
<kw name="Wait Web">
<kw name="Wait Until Element Contains" owner="SeleniumLibrary">
<arg>xpath=//*[@id="root"]/div/header</arg>
<arg>ลงทะเบียน</arg>
<doc>Waits until the element ``locator`` contains ``text``.</doc>
<status status="PASS" start="2024-04-08T19:00:13.489481" elapsed="0.046237"/>
</kw>
<status status="PASS" start="2024-04-08T19:00:13.489481" elapsed="0.046237"/>
</kw>
<kw name="Input Thai Name">
<kw name="Input Text" owner="SeleniumLibrary">
<msg time="2024-04-08T19:00:13.543729" level="INFO">Typing text 'กิตติพัฒน์' into text field 'id=fnameTH'.</msg>
<arg>id=fnameTH</arg>
<arg>${THNAME}</arg>
<doc>Types the given ``text`` into the text field identified by ``locator``.</doc>
<status status="PASS" start="2024-04-08T19:00:13.535718" elapsed="0.298237"/>
</kw>
<kw name="Input Text" owner="SeleniumLibrary">
<msg time="2024-04-08T19:00:13.833955" level="INFO">Typing text 'ชูวงษ์วาลย์' into text field 'id=lnameTH'.</msg>
<arg>id=lnameTH</arg>
<arg>${THLASTNAME}</arg>
<doc>Types the given ``text`` into the text field identified by ``locator``.</doc>
<status status="PASS" start="2024-04-08T19:00:13.833955" elapsed="0.172995"/>
</kw>
<arg>${THVARIABLES1}[name]</arg>
<arg>${THVARIABLES1}[lastname]</arg>
<status status="PASS" start="2024-04-08T19:00:13.535718" elapsed="0.471232"/>
</kw>
<kw name="Input English Name">
<kw name="Input Text" owner="SeleniumLibrary">
<msg time="2024-04-08T19:00:14.008213" level="INFO">Typing text 'Kittipat' into text field 'id=fnameEN'.</msg>
<arg>id=fnameEN</arg>
<arg>${ENNAME}</arg>
<doc>Types the given ``text`` into the text field identified by ``locator``.</doc>
<status status="PASS" start="2024-04-08T19:00:14.008213" elapsed="0.198913"/>
</kw>
<kw name="Input Text" owner="SeleniumLibrary">
<msg time="2024-04-08T19:00:14.207126" level="INFO">Typing text 'Choowongwan' into text field 'id=lnameEN'.</msg>
<arg>id=lnameEN</arg>
<arg>${ENLASTNAME}</arg>
<doc>Types the given ``text`` into the text field identified by ``locator``.</doc>
<status status="PASS" start="2024-04-08T19:00:14.207126" elapsed="0.164574"/>
</kw>
<arg>${ENVARIABLES1}[name]</arg>
<arg>${ENVARIABLES1}[lastname]</arg>
<status status="PASS" start="2024-04-08T19:00:14.008213" elapsed="0.363487"/>
</kw>
<kw name="Select Date of Birth">
<kw name="Select From List By Index" owner="SeleniumLibrary">
<msg time="2024-04-08T19:00:14.378551" level="INFO">Selecting options from selection list 'id=date' by index 11.</msg>
<arg>id=date</arg>
<arg>11</arg>
<doc>Selects options from selection list ``locator`` by ``indexes``.</doc>
<status status="PASS" start="2024-04-08T19:00:14.378551" elapsed="0.304531"/>
</kw>
<kw name="Select From List By Index" owner="SeleniumLibrary">
<msg time="2024-04-08T19:00:14.683082" level="INFO">Selecting options from selection list 'id=month' by index 4.</msg>
<arg>id=month</arg>
<arg>4</arg>
<doc>Selects options from selection list ``locator`` by ``indexes``.</doc>
<status status="PASS" start="2024-04-08T19:00:14.683082" elapsed="0.152004"/>
</kw>
<kw name="Select From List By Index" owner="SeleniumLibrary">
<msg time="2024-04-08T19:00:14.835086" level="INFO">Selecting options from selection list 'id=year' by index 5.</msg>
<arg>id=year</arg>
<arg>5</arg>
<doc>Selects options from selection list ``locator`` by ``indexes``.</doc>
<status status="PASS" start="2024-04-08T19:00:14.835086" elapsed="0.232112"/>
</kw>
<status status="PASS" start="2024-04-08T19:00:14.371700" elapsed="0.695498"/>
</kw>
<kw name="Input Person ID">
<kw name="Input Text" owner="SeleniumLibrary">
<msg time="2024-04-08T19:00:15.067198" level="INFO">Typing text '0000000000000' into text field 'id=personID'.</msg>
<arg>id=personID</arg>
<arg>${PERSONID}</arg>
<doc>Types the given ``text`` into the text field identified by ``locator``.</doc>
<status status="PASS" start="2024-04-08T19:00:15.067198" elapsed="0.301298"/>
</kw>
<arg>${PERSONID}[id1]</arg>
<status status="PASS" start="2024-04-08T19:00:15.067198" elapsed="0.301298"/>
</kw>
<kw name="Input Password">
<kw name="Input Text" owner="SeleniumLibrary">
<msg time="2024-04-08T19:00:15.379124" level="INFO">Typing text 'Ex000000' into text field 'id=passwd'.</msg>
<arg>id=passwd</arg>
<arg>${PASSWORD}</arg>
<doc>Types the given ``text`` into the text field identified by ``locator``.</doc>
<status status="PASS" start="2024-04-08T19:00:15.379124" elapsed="0.272188"/>
</kw>
<arg>${PASSWORDS}[pass1]</arg>
<status status="PASS" start="2024-04-08T19:00:15.368496" elapsed="0.282816"/>
</kw>
<kw name="Input Email &amp; Phone">
<kw name="Input Text" owner="SeleniumLibrary">
<msg time="2024-04-08T19:00:15.654717" level="INFO">Typing text '0000000000' into text field 'id=phone'.</msg>
<arg>id=phone</arg>
<arg>${PHONE}</arg>
<doc>Types the given ``text`` into the text field identified by ``locator``.</doc>
<status status="PASS" start="2024-04-08T19:00:15.654717" elapsed="0.180170"/>
</kw>
<kw name="Input Text" owner="SeleniumLibrary">
<msg time="2024-04-08T19:00:15.834887" level="INFO">Typing text '654259023@webmail.npru.ac.th' into text field 'id=email'.</msg>
<arg>id=email</arg>
<arg>${EMAIL}</arg>
<doc>Types the given ``text`` into the text field identified by ``locator``.</doc>
<status status="PASS" start="2024-04-08T19:00:15.834887" elapsed="0.432815"/>
</kw>
<arg>${PHONE}[phone1]</arg>
<arg>${EMAIL}[email2]</arg>
<status status="PASS" start="2024-04-08T19:00:15.653157" elapsed="0.614545"/>
</kw>
<kw name="Sleep" owner="BuiltIn">
<msg time="2024-04-08T19:00:26.269635" level="INFO">Slept 10 seconds.</msg>
<arg>10seconds</arg>
<doc>Pauses the test executed for the given time.</doc>
<status status="PASS" start="2024-04-08T19:00:16.267702" elapsed="10.002468"/>
</kw>
<kw name="Check All Error">
<kw name="Page Should Not Contain" owner="SeleniumLibrary">
<msg time="2024-04-08T19:00:26.360069" level="INFO">Current page does not contain text 'กรุณากรอกชื่อ เป็นภาษาไทย'.</msg>
<arg>${ERRTHVARIABLES1}[errname]</arg>
<doc>Verifies the current page does not contain ``text``.</doc>
<status status="PASS" start="2024-04-08T19:00:26.270170" elapsed="0.089899"/>
</kw>
<kw name="Page Should Not Contain" owner="SeleniumLibrary">
<msg time="2024-04-08T19:00:26.408096" level="INFO">Current page does not contain text 'ความยาวของชื่อ ยาวเกินไป'.</msg>
<arg>${ERRTHVARIABLES2}[errname]</arg>
<doc>Verifies the current page does not contain ``text``.</doc>
<status status="PASS" start="2024-04-08T19:00:26.360069" elapsed="0.048027"/>
</kw>
<kw name="Page Should Not Contain" owner="SeleniumLibrary">
<msg time="2024-04-08T19:00:26.476833" level="INFO">Current page does not contain text 'กรุณากรอกชื่อ'.</msg>
<arg>${ERRTHVARIABLES3}[errname]</arg>
<doc>Verifies the current page does not contain ``text``.</doc>
<status status="PASS" start="2024-04-08T19:00:26.408096" elapsed="0.068737"/>
</kw>
<kw name="Page Should Not Contain" owner="SeleniumLibrary">
<msg time="2024-04-08T19:00:26.519667" level="INFO">Current page does not contain text 'กรุณากรอกนามสกุล เป็นภาษาไทย'.</msg>
<arg>${ERRTHVARIABLES1}[errlastname]</arg>
<doc>Verifies the current page does not contain ``text``.</doc>
<status status="PASS" start="2024-04-08T19:00:26.476833" elapsed="0.042834"/>
</kw>
<kw name="Page Should Not Contain" owner="SeleniumLibrary">
<msg time="2024-04-08T19:00:26.583950" level="INFO">Current page does not contain text 'ความยาวของนามสกุล ยาวเกินไป'.</msg>
<arg>${ERRTHVARIABLES2}[errlastname]</arg>
<doc>Verifies the current page does not contain ``text``.</doc>
<status status="PASS" start="2024-04-08T19:00:26.519667" elapsed="0.064283"/>
</kw>
<kw name="Page Should Not Contain" owner="SeleniumLibrary">
<msg time="2024-04-08T19:00:26.640810" level="INFO">Current page does not contain text 'กรุณากรอกนามสกุล'.</msg>
<arg>${ERRTHVARIABLES3}[errlastname]</arg>
<doc>Verifies the current page does not contain ``text``.</doc>
<status status="PASS" start="2024-04-08T19:00:26.583950" elapsed="0.056860"/>
</kw>
<kw name="Page Should Not Contain" owner="SeleniumLibrary">
<msg time="2024-04-08T19:00:26.692909" level="INFO">Current page does not contain text 'Please enter your name in English.'.</msg>
<arg>${ERRENVARIABLES1}[errname]</arg>
<doc>Verifies the current page does not contain ``text``.</doc>
<status status="PASS" start="2024-04-08T19:00:26.641868" elapsed="0.051041"/>
</kw>
<kw name="Page Should Not Contain" owner="SeleniumLibrary">
<msg time="2024-04-08T19:00:26.733677" level="INFO">Current page does not contain text 'The length of name is too long.'.</msg>
<arg>${ERRENVARIABLES2}[errname]</arg>
<doc>Verifies the current page does not contain ``text``.</doc>
<status status="PASS" start="2024-04-08T19:00:26.692909" elapsed="0.040768"/>
</kw>
<kw name="Page Should Not Contain" owner="SeleniumLibrary">
<msg time="2024-04-08T19:00:26.798122" level="INFO">Current page does not contain text 'Please enter your name.'.</msg>
<arg>${ERRENVARIABLES3}[errname]</arg>
<doc>Verifies the current page does not contain ``text``.</doc>
<status status="PASS" start="2024-04-08T19:00:26.733677" elapsed="0.064445"/>
</kw>
<kw name="Page Should Not Contain" owner="SeleniumLibrary">
<msg time="2024-04-08T19:00:26.860128" level="INFO">Current page does not contain text 'Please enter your lastname in English.'.</msg>
<arg>${ERRENVARIABLES1}[errlastname]</arg>
<doc>Verifies the current page does not contain ``text``.</doc>
<status status="PASS" start="2024-04-08T19:00:26.798122" elapsed="0.062006"/>
</kw>
<kw name="Page Should Not Contain" owner="SeleniumLibrary">
<msg time="2024-04-08T19:00:26.911758" level="INFO">Current page does not contain text 'The length of lastname is too long.'.</msg>
<arg>${ERRENVARIABLES2}[errlastname]</arg>
<doc>Verifies the current page does not contain ``text``.</doc>
<status status="PASS" start="2024-04-08T19:00:26.860128" elapsed="0.051630"/>
</kw>
<kw name="Page Should Not Contain" owner="SeleniumLibrary">
<msg time="2024-04-08T19:00:26.972213" level="INFO">Current page does not contain text 'Please enter your lastname.'.</msg>
<arg>${ERRENVARIABLES3}[errlastname]</arg>
<doc>Verifies the current page does not contain ``text``.</doc>
<status status="PASS" start="2024-04-08T19:00:26.911758" elapsed="0.060455"/>
</kw>
<kw name="Page Should Not Contain" owner="SeleniumLibrary">
<msg time="2024-04-08T19:00:27.020659" level="INFO">Current page does not contain text 'ไม่ต้องเว้นวรรค'.</msg>
<arg>${ERRPERSONID}[errID1]</arg>
<doc>Verifies the current page does not contain ``text``.</doc>
<status status="PASS" start="2024-04-08T19:00:26.972213" elapsed="0.048446"/>
</kw>
<kw name="Page Should Not Contain" owner="SeleniumLibrary">
<msg time="2024-04-08T19:00:27.075112" level="INFO">Current page does not contain text 'กรุณากรอกหมายเลขบัตรประชาชนให้ถูกต้อง'.</msg>
<arg>${ERRPERSONID}[errID2]</arg>
<doc>Verifies the current page does not contain ``text``.</doc>
<status status="PASS" start="2024-04-08T19:00:27.020659" elapsed="0.054453"/>
</kw>
<kw name="Page Should Not Contain" owner="SeleniumLibrary">
<msg time="2024-04-08T19:00:27.139686" level="INFO">Current page does not contain text 'ไม่ต้องใส่อักขระขีด'.</msg>
<arg>${ERRPERSONID}[errID3]</arg>
<doc>Verifies the current page does not contain ``text``.</doc>
<status status="PASS" start="2024-04-08T19:00:27.075112" elapsed="0.064574"/>
</kw>
<kw name="Page Should Not Contain" owner="SeleniumLibrary">
<msg time="2024-04-08T19:00:27.228359" level="INFO">Current page does not contain text 'กรุณากรอกหมายเลขบัตรประชาชน'.</msg>
<arg>${ERRPERSONID}[errID4]</arg>
<doc>Verifies the current page does not contain ``text``.</doc>
<status status="PASS" start="2024-04-08T19:00:27.139686" elapsed="0.088673"/>
</kw>
<kw name="Page Should Not Contain" owner="SeleniumLibrary">
<msg time="2024-04-08T19:00:27.291965" level="INFO">Current page does not contain text 'กรุณาตั้งรหัสผ่านอย่างน้อย 8 ตัวอักษร'.</msg>
<arg>${ERRPASSWORD}[errPass1]</arg>
<doc>Verifies the current page does not contain ``text``.</doc>
<status status="PASS" start="2024-04-08T19:00:27.228359" elapsed="0.063606"/>
</kw>
<kw name="Page Should Not Contain" owner="SeleniumLibrary">
<msg time="2024-04-08T19:00:27.354544" level="INFO">Current page does not contain text 'รหัสผ่านจะต้องมีตัวพิมพ์เล็กอย่างน้อย 1 ตัวอักษร'.</msg>
<arg>${ERRPASSWORD}[errPass2]</arg>
<doc>Verifies the current page does not contain ``text``.</doc>
<status status="PASS" start="2024-04-08T19:00:27.291965" elapsed="0.062579"/>
</kw>
<kw name="Page Should Not Contain" owner="SeleniumLibrary">
<msg time="2024-04-08T19:00:27.446142" level="INFO">Current page does not contain text 'รหัสผ่านจะต้องมีตัวพิมพ์ใหญ่อย่างน้อย 1 ตัวอักษร'.</msg>
<arg>${ERRPASSWORD}[errPass3]</arg>
<doc>Verifies the current page does not contain ``text``.</doc>
<status status="PASS" start="2024-04-08T19:00:27.354544" elapsed="0.091598"/>
</kw>
<kw name="Page Should Not Contain" owner="SeleniumLibrary">
<msg time="2024-04-08T19:00:27.502277" level="INFO">Current page does not contain text 'รหัสผ่านจะต้องมีตัวเลข'.</msg>
<arg>${ERRPASSWORD}[errPass4]</arg>
<doc>Verifies the current page does not contain ``text``.</doc>
<status status="PASS" start="2024-04-08T19:00:27.447323" elapsed="0.054954"/>
</kw>
<kw name="Page Should Not Contain" owner="SeleniumLibrary">
<msg time="2024-04-08T19:00:27.552885" level="INFO">Current page does not contain text 'กรุณากรอกรหัสผ่าน'.</msg>
<arg>${ERRPASSWORD}[errPass5]</arg>
<doc>Verifies the current page does not contain ``text``.</doc>
<status status="PASS" start="2024-04-08T19:00:27.502277" elapsed="0.050608"/>
</kw>
<kw name="Page Should Not Contain" owner="SeleniumLibrary">
<msg time="2024-04-08T19:00:27.602741" level="INFO">Current page does not contain text 'ไม่ต้องใส่อักขระขีด'.</msg>
<arg>${ERRPHONE}[errPhone1]</arg>
<doc>Verifies the current page does not contain ``text``.</doc>
<status status="PASS" start="2024-04-08T19:00:27.552885" elapsed="0.049856"/>
</kw>
<kw name="Page Should Not Contain" owner="SeleniumLibrary">
<msg time="2024-04-08T19:00:27.640669" level="INFO">Current page does not contain text 'ต้องไม่มี .'.</msg>
<arg>${ERRPHONE}[errPhone2]</arg>
<doc>Verifies the current page does not contain ``text``.</doc>
<status status="PASS" start="2024-04-08T19:00:27.602741" elapsed="0.037928"/>
</kw>
<kw name="Page Should Not Contain" owner="SeleniumLibrary">
<msg time="2024-04-08T19:00:27.672492" level="INFO">Current page does not contain text 'กรุณากรอกเฉพาะตัวเลข'.</msg>
<arg>${ERRPHONE}[errPhone3]</arg>
<doc>Verifies the current page does not contain ``text``.</doc>
<status status="PASS" start="2024-04-08T19:00:27.640669" elapsed="0.031823"/>
</kw>
<kw name="Page Should Not Contain" owner="SeleniumLibrary">
<msg time="2024-04-08T19:00:27.719970" level="INFO">Current page does not contain text 'กรุณากรอกเบอร์มือถือ'.</msg>
<arg>${ERRPHONE}[errPhone4]</arg>
<doc>Verifies the current page does not contain ``text``.</doc>
<status status="PASS" start="2024-04-08T19:00:27.672492" elapsed="0.047478"/>
</kw>
<kw name="Page Should Not Contain" owner="SeleniumLibrary">
<msg time="2024-04-08T19:00:27.752579" level="INFO">Current page does not contain text 'กรุณากรอกอีเมล'.</msg>
<arg>${ERREMAIL}[errEmail2]</arg>
<doc>Verifies the current page does not contain ``text``.</doc>
<status status="PASS" start="2024-04-08T19:00:27.719970" elapsed="0.036299"/>
</kw>
<kw name="Page Should Not Contain" owner="SeleniumLibrary">
<msg time="2024-04-08T19:00:27.806029" level="INFO">Current page does not contain text 'กรุณากรอกอีเมลให้ถูกต้อง'.</msg>
<arg>${ERREMAIL}[errEmail1]</arg>
<doc>Verifies the current page does not contain ``text``.</doc>
<status status="PASS" start="2024-04-08T19:00:27.756269" elapsed="0.050772"/>
</kw>
<status status="PASS" start="2024-04-08T19:00:26.270170" elapsed="1.536871"/>
</kw>
<kw name="Capture Screenshot">
<kw name="Capture Page Screenshot" owner="SeleniumLibrary">
<msg time="2024-04-08T19:00:27.984416" level="INFO" html="true">&lt;/td&gt;&lt;/tr&gt;&lt;tr&gt;&lt;td colspan="3"&gt;&lt;a href="Screenshot/result-1.png"&gt;&lt;img src="Screenshot/result-1.png" width="800px"&gt;&lt;/a&gt;</msg>
<arg>./Screenshot/result-{index}.png</arg>
<doc>Takes a screenshot of the current page and embeds it into a log file.</doc>
<status status="PASS" start="2024-04-08T19:00:27.808104" elapsed="0.177046"/>
</kw>
<status status="PASS" start="2024-04-08T19:00:27.807041" elapsed="0.178109"/>
</kw>
<kw name="Close Browser" owner="SeleniumLibrary">
<doc>Closes the current browser.</doc>
<status status="PASS" start="2024-04-08T19:00:27.987520" elapsed="2.612146"/>
</kw>
<status status="PASS" start="2024-04-08T19:00:10.584576" elapsed="20.025176"/>
</test>
<test id="s1-t2" name="Test 02 All Input Empty" line="19">
<kw name="Open Browser" owner="SeleniumLibrary">
<msg time="2024-04-08T19:00:30.614394" level="INFO">Opening browser 'Edge' to base url 'https://react-form-for-robot.vercel.app/'.</msg>
<arg>${URL}</arg>
<arg>${BROWSER}</arg>
<doc>Opens a new browser instance to the optional ``url``.</doc>
<status status="PASS" start="2024-04-08T19:00:30.613808" elapsed="3.984072"/>
</kw>
<kw name="Wait Web">
<kw name="Wait Until Element Contains" owner="SeleniumLibrary">
<arg>xpath=//*[@id="root"]/div/header</arg>
<arg>ลงทะเบียน</arg>
<doc>Waits until the element ``locator`` contains ``text``.</doc>
<status status="PASS" start="2024-04-08T19:00:34.597880" elapsed="0.117324"/>
</kw>
<status status="PASS" start="2024-04-08T19:00:34.597880" elapsed="0.117324"/>
</kw>
<kw name="Input Thai Name">
<kw name="Input Text" owner="SeleniumLibrary">
<msg time="2024-04-08T19:00:34.730250" level="INFO">Typing text '' into text field 'id=fnameTH'.</msg>
<arg>id=fnameTH</arg>
<arg>${THNAME}</arg>
<doc>Types the given ``text`` into the text field identified by ``locator``.</doc>
<status status="PASS" start="2024-04-08T19:00:34.730250" elapsed="0.167833"/>
</kw>
<kw name="Input Text" owner="SeleniumLibrary">
<msg time="2024-04-08T19:00:34.898083" level="INFO">Typing text '' into text field 'id=lnameTH'.</msg>
<arg>id=lnameTH</arg>
<arg>${THLASTNAME}</arg>
<doc>Types the given ``text`` into the text field identified by ``locator``.</doc>
<status status="PASS" start="2024-04-08T19:00:34.898083" elapsed="0.126778"/>
</kw>
<arg>${EMPTY}</arg>
<arg>${EMPTY}</arg>
<status status="PASS" start="2024-04-08T19:00:34.717516" elapsed="0.307345"/>
</kw>
<kw name="Input English Name">
<kw name="Input Text" owner="SeleniumLibrary">
<msg time="2024-04-08T19:00:35.041999" level="INFO">Typing text '' into text field 'id=fnameEN'.</msg>
<arg>id=fnameEN</arg>
<arg>${ENNAME}</arg>
<doc>Types the given ``text`` into the text field identified by ``locator``.</doc>
<status status="PASS" start="2024-04-08T19:00:35.041309" elapsed="0.136551"/>
</kw>
<kw name="Input Text" owner="SeleniumLibrary">
<msg time="2024-04-08T19:00:35.177860" level="INFO">Typing text '' into text field 'id=lnameEN'.</msg>
<arg>id=lnameEN</arg>
<arg>${ENLASTNAME}</arg>
<doc>Types the given ``text`` into the text field identified by ``locator``.</doc>
<status status="PASS" start="2024-04-08T19:00:35.177860" elapsed="0.200753"/>
</kw>
<arg>${EMPTY}</arg>
<arg>${EMPTY}</arg>
<status status="PASS" start="2024-04-08T19:00:35.024861" elapsed="0.353752"/>
</kw>
<kw name="Input Person ID">
<kw name="Input Text" owner="SeleniumLibrary">
<msg time="2024-04-08T19:00:35.380142" level="INFO">Typing text '' into text field 'id=personID'.</msg>
<arg>id=personID</arg>
<arg>${PERSONID}</arg>
<doc>Types the given ``text`` into the text field identified by ``locator``.</doc>
<status status="PASS" start="2024-04-08T19:00:35.380142" elapsed="0.227684"/>
</kw>
<arg>${EMPTY}</arg>
<status status="PASS" start="2024-04-08T19:00:35.380142" elapsed="0.228048"/>
</kw>
<kw name="Input Password">
<kw name="Input Text" owner="SeleniumLibrary">
<msg time="2024-04-08T19:00:35.611198" level="INFO">Typing text '' into text field 'id=passwd'.</msg>
<arg>id=passwd</arg>
<arg>${PASSWORD}</arg>
<doc>Types the given ``text`` into the text field identified by ``locator``.</doc>
<status status="PASS" start="2024-04-08T19:00:35.611198" elapsed="0.254643"/>
</kw>
<arg>${EMPTY}</arg>
<status status="PASS" start="2024-04-08T19:00:35.608850" elapsed="0.256991"/>
</kw>
<kw name="Input Email &amp; Phone">
<kw name="Input Text" owner="SeleniumLibrary">
<msg time="2024-04-08T19:00:35.878820" level="INFO">Typing text '' into text field 'id=phone'.</msg>
<arg>id=phone</arg>
<arg>${PHONE}</arg>
<doc>Types the given ``text`` into the text field identified by ``locator``.</doc>
<status status="PASS" start="2024-04-08T19:00:35.878820" elapsed="0.217900"/>
</kw>
<kw name="Input Text" owner="SeleniumLibrary">
<msg time="2024-04-08T19:00:36.097744" level="INFO">Typing text '' into text field 'id=email'.</msg>
<arg>id=email</arg>
<arg>${EMAIL}</arg>
<doc>Types the given ``text`` into the text field identified by ``locator``.</doc>
<status status="PASS" start="2024-04-08T19:00:36.097744" elapsed="0.171452"/>
</kw>
<arg>${EMPTY}</arg>
<arg>${EMPTY}</arg>
<status status="PASS" start="2024-04-08T19:00:35.869217" elapsed="0.399979"/>
</kw>
<kw name="Sleep" owner="BuiltIn">
<msg time="2024-04-08T19:00:46.284394" level="INFO">Slept 10 seconds.</msg>
<arg>10seconds</arg>
<doc>Pauses the test executed for the given time.</doc>
<status status="PASS" start="2024-04-08T19:00:36.284135" elapsed="10.000259"/>
</kw>
<kw name="Check All Error2">
<kw name="Page Should Contain" owner="SeleniumLibrary">
<msg time="2024-04-08T19:00:46.315806" level="INFO">Current page contains text 'กรุณากรอกชื่อ'.</msg>
<arg>${ERRTHVARIABLES3}[errname]</arg>
<doc>Verifies that current page contains ``text``.</doc>
<status status="PASS" start="2024-04-08T19:00:46.284984" elapsed="0.030822"/>
</kw>
<kw name="Page Should Contain" owner="SeleniumLibrary">
<msg time="2024-04-08T19:00:46.347265" level="INFO">Current page contains text 'กรุณากรอกนามสกุล'.</msg>
<arg>${ERRTHVARIABLES3}[errlastname]</arg>
<doc>Verifies that current page contains ``text``.</doc>
<status status="PASS" start="2024-04-08T19:00:46.315806" elapsed="0.031459"/>
</kw>
<kw name="Page Should Contain" owner="SeleniumLibrary">
<msg time="2024-04-08T19:00:46.380341" level="INFO">Current page contains text 'Please enter your name.'.</msg>
<arg>${ERRENVARIABLES3}[errname]</arg>
<doc>Verifies that current page contains ``text``.</doc>
<status status="PASS" start="2024-04-08T19:00:46.347265" elapsed="0.033076"/>
</kw>
<kw name="Page Should Contain" owner="SeleniumLibrary">
<msg time="2024-04-08T19:00:46.402139" level="INFO">Current page contains text 'Please enter your lastname.'.</msg>
<arg>${ERRENVARIABLES3}[errlastname]</arg>
<doc>Verifies that current page contains ``text``.</doc>
<status status="PASS" start="2024-04-08T19:00:46.380341" elapsed="0.021798"/>
</kw>
<kw name="Page Should Contain" owner="SeleniumLibrary">
<msg time="2024-04-08T19:00:46.426715" level="INFO">Current page contains text 'กรุณากรอกหมายเลขบัตรประชาชน'.</msg>
<arg>${ERRPERSONID}[errID4]</arg>
<doc>Verifies that current page contains ``text``.</doc>
<status status="PASS" start="2024-04-08T19:00:46.402139" elapsed="0.024576"/>
</kw>
<kw name="Page Should Contain" owner="SeleniumLibrary">
<msg time="2024-04-08T19:00:46.460234" level="INFO">Current page contains text 'กรุณากรอกรหัสผ่าน'.</msg>
<arg>${ERRPASSWORD}[errPass5]</arg>
<doc>Verifies that current page contains ``text``.</doc>
<status status="PASS" start="2024-04-08T19:00:46.426715" elapsed="0.033519"/>
</kw>
<kw name="Page Should Contain" owner="SeleniumLibrary">
<msg time="2024-04-08T19:00:46.485217" level="INFO">Current page contains text 'กรุณากรอกเบอร์มือถือ'.</msg>
<arg>${ERRPHONE}[errPhone4]</arg>
<doc>Verifies that current page contains ``text``.</doc>
<status status="PASS" start="2024-04-08T19:00:46.460234" elapsed="0.024983"/>
</kw>
<kw name="Page Should Contain" owner="SeleniumLibrary">
<msg time="2024-04-08T19:00:46.509502" level="INFO">Current page contains text 'กรุณากรอกอีเมล'.</msg>
<arg>${ERREMAIL}[errEmail2]</arg>
<doc>Verifies that current page contains ``text``.</doc>
<status status="PASS" start="2024-04-08T19:00:46.485217" elapsed="0.024285"/>
</kw>
<status status="PASS" start="2024-04-08T19:00:46.284984" elapsed="0.224518"/>
</kw>
<kw name="Capture Screenshot">
<kw name="Capture Page Screenshot" owner="SeleniumLibrary">
<msg time="2024-04-08T19:00:46.746783" level="INFO" html="true">&lt;/td&gt;&lt;/tr&gt;&lt;tr&gt;&lt;td colspan="3"&gt;&lt;a href="Screenshot/result-2.png"&gt;&lt;img src="Screenshot/result-2.png" width="800px"&gt;&lt;/a&gt;</msg>
<arg>./Screenshot/result-{index}.png</arg>
<doc>Takes a screenshot of the current page and embeds it into a log file.</doc>
<status status="PASS" start="2024-04-08T19:00:46.515036" elapsed="0.231747"/>
</kw>
<status status="PASS" start="2024-04-08T19:00:46.515036" elapsed="0.231747"/>
</kw>
<kw name="Close Browser" owner="SeleniumLibrary">
<doc>Closes the current browser.</doc>
<status status="PASS" start="2024-04-08T19:00:46.746783" elapsed="2.448718"/>
</kw>
<status status="PASS" start="2024-04-08T19:00:30.609752" elapsed="18.585749"/>
</test>
<test id="s1-t3" name="Test 03 English Name &amp; lastname In Thai Input" line="32">
<kw name="Open Browser" owner="SeleniumLibrary">
<msg time="2024-04-08T19:00:49.205081" level="INFO">Opening browser 'Edge' to base url 'https://react-form-for-robot.vercel.app/'.</msg>
<arg>${URL}</arg>
<arg>${BROWSER}</arg>
<doc>Opens a new browser instance to the optional ``url``.</doc>
<status status="PASS" start="2024-04-08T19:00:49.203999" elapsed="3.517757"/>
</kw>
<kw name="Wait Web">
<kw name="Wait Until Element Contains" owner="SeleniumLibrary">
<arg>xpath=//*[@id="root"]/div/header</arg>
<arg>ลงทะเบียน</arg>
<doc>Waits until the element ``locator`` contains ``text``.</doc>
<status status="PASS" start="2024-04-08T19:00:52.721756" elapsed="0.143842"/>
</kw>
<status status="PASS" start="2024-04-08T19:00:52.721756" elapsed="0.143842"/>
</kw>
<kw name="Input Thai Name">
<kw name="Input Text" owner="SeleniumLibrary">
<msg time="2024-04-08T19:00:52.868556" level="INFO">Typing text 'Kittipat' into text field 'id=fnameTH'.</msg>
<arg>id=fnameTH</arg>
<arg>${THNAME}</arg>
<doc>Types the given ``text`` into the text field identified by ``locator``.</doc>
<status status="PASS" start="2024-04-08T19:00:52.868556" elapsed="0.317174"/>
</kw>
<kw name="Input Text" owner="SeleniumLibrary">
<msg time="2024-04-08T19:00:53.185730" level="INFO">Typing text 'Choowongwan' into text field 'id=lnameTH'.</msg>
<arg>id=lnameTH</arg>
<arg>${THLASTNAME}</arg>
<doc>Types the given ``text`` into the text field identified by ``locator``.</doc>
<status status="PASS" start="2024-04-08T19:00:53.185730" elapsed="0.261051"/>
</kw>
<arg>${ENVARIABLES1}[name]</arg>
<arg>${ENVARIABLES1}[lastname]</arg>
<status status="PASS" start="2024-04-08T19:00:52.868556" elapsed="0.578225"/>
</kw>
<kw name="Sleep" owner="BuiltIn">
<msg time="2024-04-08T19:01:03.453010" level="INFO">Slept 10 seconds.</msg>
<arg>10seconds</arg>
<doc>Pauses the test executed for the given time.</doc>
<status status="PASS" start="2024-04-08T19:00:53.446781" elapsed="10.006229"/>
</kw>
<kw name="Page Should Contain" owner="SeleniumLibrary">
<msg time="2024-04-08T19:01:03.535307" level="INFO">Current page contains text 'กรุณากรอกชื่อ เป็นภาษาไทย'.</msg>
<arg>${ERRTHVARIABLES1}[errname]</arg>
<doc>Verifies that current page contains ``text``.</doc>
<status status="PASS" start="2024-04-08T19:01:03.455127" elapsed="0.080180"/>
</kw>
<kw name="Page Should Contain" owner="SeleniumLibrary">
<msg time="2024-04-08T19:01:03.575412" level="INFO">Current page contains text 'กรุณากรอกนามสกุล เป็นภาษาไทย'.</msg>
<arg>${ERRTHVARIABLES1}[errlastname]</arg>
<doc>Verifies that current page contains ``text``.</doc>
<status status="PASS" start="2024-04-08T19:01:03.540389" elapsed="0.035023"/>
</kw>
<kw name="Capture Screenshot">
<kw name="Capture Page Screenshot" owner="SeleniumLibrary">
<msg time="2024-04-08T19:01:03.809243" level="INFO" html="true">&lt;/td&gt;&lt;/tr&gt;&lt;tr&gt;&lt;td colspan="3"&gt;&lt;a href="Screenshot/result-3.png"&gt;&lt;img src="Screenshot/result-3.png" width="800px"&gt;&lt;/a&gt;</msg>
<arg>./Screenshot/result-{index}.png</arg>
<doc>Takes a screenshot of the current page and embeds it into a log file.</doc>
<status status="PASS" start="2024-04-08T19:01:03.575412" elapsed="0.233831"/>
</kw>
<status status="PASS" start="2024-04-08T19:01:03.575412" elapsed="0.233831"/>
</kw>
<kw name="Close Browser" owner="SeleniumLibrary">
<doc>Closes the current browser.</doc>
<status status="PASS" start="2024-04-08T19:01:03.809243" elapsed="2.521108"/>
</kw>
<status status="PASS" start="2024-04-08T19:00:49.195501" elapsed="17.141973"/>
</test>
<test id="s1-t4" name="Test 04 long Name &amp; lastname In Thai Input" line="42">
<kw name="Open Browser" owner="SeleniumLibrary">
<msg time="2024-04-08T19:01:06.337474" level="INFO">Opening browser 'Edge' to base url 'https://react-form-for-robot.vercel.app/'.</msg>
<arg>${URL}</arg>
<arg>${BROWSER}</arg>
<doc>Opens a new browser instance to the optional ``url``.</doc>
<status status="PASS" start="2024-04-08T19:01:06.337474" elapsed="3.155384"/>
</kw>
<kw name="Wait Web">
<kw name="Wait Until Element Contains" owner="SeleniumLibrary">
<arg>xpath=//*[@id="root"]/div/header</arg>
<arg>ลงทะเบียน</arg>
<doc>Waits until the element ``locator`` contains ``text``.</doc>
<status status="PASS" start="2024-04-08T19:01:09.494867" elapsed="0.149146"/>
</kw>
<status status="PASS" start="2024-04-08T19:01:09.494867" elapsed="0.149146"/>
</kw>
<kw name="Input Thai Name">
<kw name="Input Text" owner="SeleniumLibrary">
<msg time="2024-04-08T19:01:09.645124" level="INFO">Typing text 'กกกกกกกกกกกกกกกกกกกกกกกกกกกกกกกกกกกกกกกกกกกกกกกกกกกกกกกกกกกกกกกกกกกกกกกกกกกกกกกกกกกกกกกกกกกกกกกกกกกกกกกกกกกกกกกกกกกกกกกกกกกกกกกกกกกกกกกกกกกกกกกกกกกกกกกกกกกกกกกกกกกกกกกกกกกกกกกกกกกกกกกกกกกกกกกกกกกกกกกกกกกกกกกกกกกกกกกกกกกกกกกกกกกกกกกกกกกกกกกกกกกกกกกกกกกกกกกก' into text field 'id=fnameTH'.</msg>
<arg>id=fnameTH</arg>
<arg>${THNAME}</arg>
<doc>Types the given ``text`` into the text field identified by ``locator``.</doc>
<status status="PASS" start="2024-04-08T19:01:09.645124" elapsed="1.633429"/>
</kw>
<kw name="Input Text" owner="SeleniumLibrary">
<msg time="2024-04-08T19:01:11.278553" level="INFO">Typing text 'กกกกกกกกกกกกกกกกกกกกกกกกกกกกกกกกกกกกกกกกกกกกกกกกกกกกกกกกกกกกกกกกกกกกกกกกกกกกกกกกกกกกกกกกกกกกกกกกกกกกกกกกกกกกกกกกกกกกกกกกกกกกกกกกกกกกกกกกกกกกกกกกกกกกกกกกกกกกกกกกกกกกกกกกกกกกกกกกกกกกกกกกกกกกกกกกกกกกกกกกกกกกกกกกกกกกกกกกกกกกกกกกกกกกกกกกกกกกกกกกกกกกกกกกกกกกกกกก' into text field 'id=lnameTH'.</msg>
<arg>id=lnameTH</arg>
<arg>${THLASTNAME}</arg>
<doc>Types the given ``text`` into the text field identified by ``locator``.</doc>
<status status="PASS" start="2024-04-08T19:01:11.278553" elapsed="1.468556"/>
</kw>
<arg>${THVARIABLES2}[name]</arg>
<arg>${THVARIABLES2}[lastname]</arg>
<status status="PASS" start="2024-04-08T19:01:09.645124" elapsed="3.101985"/>
</kw>
<kw name="Sleep" owner="BuiltIn">
<msg time="2024-04-08T19:01:22.749747" level="INFO">Slept 10 seconds.</msg>
<arg>10seconds</arg>
<doc>Pauses the test executed for the given time.</doc>
<status status="PASS" start="2024-04-08T19:01:12.747109" elapsed="10.002638"/>
</kw>
<kw name="Page Should Contain" owner="SeleniumLibrary">
<msg time="2024-04-08T19:01:22.815013" level="INFO">Current page contains text 'ความยาวของชื่อ ยาวเกินไป'.</msg>
<arg>${ERRTHVARIABLES2}[errname]</arg>
<doc>Verifies that current page contains ``text``.</doc>
<status status="PASS" start="2024-04-08T19:01:22.750795" elapsed="0.064218"/>
</kw>
<kw name="Page Should Contain" owner="SeleniumLibrary">
<msg time="2024-04-08T19:01:22.844968" level="INFO">Current page contains text 'ความยาวของนามสกุล ยาวเกินไป'.</msg>
<arg>${ERRTHVARIABLES2}[errlastname]</arg>
<doc>Verifies that current page contains ``text``.</doc>
<status status="PASS" start="2024-04-08T19:01:22.815013" elapsed="0.037403"/>
</kw>
<kw name="Capture Screenshot">
<kw name="Capture Page Screenshot" owner="SeleniumLibrary">
<msg time="2024-04-08T19:01:23.190645" level="INFO" html="true">&lt;/td&gt;&lt;/tr&gt;&lt;tr&gt;&lt;td colspan="3"&gt;&lt;a href="Screenshot/result-4.png"&gt;&lt;img src="Screenshot/result-4.png" width="800px"&gt;&lt;/a&gt;</msg>
<arg>./Screenshot/result-{index}.png</arg>
<doc>Takes a screenshot of the current page and embeds it into a log file.</doc>
<status status="PASS" start="2024-04-08T19:01:22.855174" elapsed="0.335471"/>
</kw>
<status status="PASS" start="2024-04-08T19:01:22.852416" elapsed="0.338229"/>
</kw>
<kw name="Close Browser" owner="SeleniumLibrary">
<doc>Closes the current browser.</doc>
<status status="PASS" start="2024-04-08T19:01:23.195813" elapsed="2.463274"/>
</kw>
<status status="PASS" start="2024-04-08T19:01:06.337474" elapsed="19.321613"/>
</test>
<test id="s1-t5" name="Test 05 Thai Name &amp; lastname In English Input" line="52">
<kw name="Open Browser" owner="SeleniumLibrary">
<msg time="2024-04-08T19:01:25.665221" level="INFO">Opening browser 'Edge' to base url 'https://react-form-for-robot.vercel.app/'.</msg>
<arg>${URL}</arg>
<arg>${BROWSER}</arg>
<doc>Opens a new browser instance to the optional ``url``.</doc>
<status status="PASS" start="2024-04-08T19:01:25.659087" elapsed="2.968444"/>
</kw>
<kw name="Wait Web">
<kw name="Wait Until Element Contains" owner="SeleniumLibrary">
<arg>xpath=//*[@id="root"]/div/header</arg>
<arg>ลงทะเบียน</arg>
<doc>Waits until the element ``locator`` contains ``text``.</doc>
<status status="PASS" start="2024-04-08T19:01:28.633384" elapsed="0.581381"/>
</kw>
<status status="PASS" start="2024-04-08T19:01:28.632692" elapsed="0.582073"/>
</kw>
<kw name="Input English Name">
<kw name="Input Text" owner="SeleniumLibrary">
<msg time="2024-04-08T19:01:29.215304" level="INFO">Typing text 'กิตติพัฒน์' into text field 'id=fnameEN'.</msg>
<arg>id=fnameEN</arg>
<arg>${ENNAME}</arg>
<doc>Types the given ``text`` into the text field identified by ``locator``.</doc>
<status status="PASS" start="2024-04-08T19:01:29.215304" elapsed="0.296698"/>
</kw>
<kw name="Input Text" owner="SeleniumLibrary">
<msg time="2024-04-08T19:01:29.512002" level="INFO">Typing text 'ชูวงษ์วาลย์' into text field 'id=lnameEN'.</msg>
<arg>id=lnameEN</arg>
<arg>${ENLASTNAME}</arg>
<doc>Types the given ``text`` into the text field identified by ``locator``.</doc>
<status status="PASS" start="2024-04-08T19:01:29.512002" elapsed="0.226495"/>
</kw>
<arg>${THVARIABLES1}[name]</arg>
<arg>${THVARIABLES1}[lastname]</arg>
<status status="PASS" start="2024-04-08T19:01:29.215304" elapsed="0.523193"/>
</kw>
<kw name="Sleep" owner="BuiltIn">
<msg time="2024-04-08T19:01:39.742589" level="INFO">Slept 10 seconds.</msg>
<arg>10seconds</arg>
<doc>Pauses the test executed for the given time.</doc>
<status status="PASS" start="2024-04-08T19:01:29.740232" elapsed="10.002357"/>
</kw>
<kw name="Page Should Contain" owner="SeleniumLibrary">
<msg time="2024-04-08T19:01:39.808042" level="INFO">Current page contains text 'Please enter your name in English.'.</msg>
<arg>${ERRENVARIABLES1}[errname]</arg>
<doc>Verifies that current page contains ``text``.</doc>
<status status="PASS" start="2024-04-08T19:01:39.747591" elapsed="0.060451"/>
</kw>
<kw name="Page Should Contain" owner="SeleniumLibrary">
<msg time="2024-04-08T19:01:39.855221" level="INFO">Current page contains text 'Please enter your lastname in English.'.</msg>
<arg>${ERRENVARIABLES1}[errlastname]</arg>
<doc>Verifies that current page contains ``text``.</doc>
<status status="PASS" start="2024-04-08T19:01:39.808042" elapsed="0.047179"/>
</kw>
<kw name="Capture Screenshot">
<kw name="Capture Page Screenshot" owner="SeleniumLibrary">
<msg time="2024-04-08T19:01:40.104934" level="INFO" html="true">&lt;/td&gt;&lt;/tr&gt;&lt;tr&gt;&lt;td colspan="3"&gt;&lt;a href="Screenshot/result-5.png"&gt;&lt;img src="Screenshot/result-5.png" width="800px"&gt;&lt;/a&gt;</msg>
<arg>./Screenshot/result-{index}.png</arg>
<doc>Takes a screenshot of the current page and embeds it into a log file.</doc>
<status status="PASS" start="2024-04-08T19:01:39.861082" elapsed="0.243852"/>
</kw>
<status status="PASS" start="2024-04-08T19:01:39.861082" elapsed="0.243852"/>
</kw>
<kw name="Close Browser" owner="SeleniumLibrary">
<doc>Closes the current browser.</doc>
<status status="PASS" start="2024-04-08T19:01:40.106955" elapsed="2.467933"/>
</kw>
<status status="PASS" start="2024-04-08T19:01:25.659087" elapsed="16.917345"/>
</test>
<test id="s1-t6" name="Test 06 long Name &amp; lastname In English Input" line="62">
<kw name="Open Browser" owner="SeleniumLibrary">
<msg time="2024-04-08T19:01:42.585098" level="INFO">Opening browser 'Edge' to base url 'https://react-form-for-robot.vercel.app/'.</msg>
<arg>${URL}</arg>
<arg>${BROWSER}</arg>
<doc>Opens a new browser instance to the optional ``url``.</doc>
<status status="PASS" start="2024-04-08T19:01:42.585098" elapsed="2.972371"/>
</kw>
<kw name="Wait Web">
<kw name="Wait Until Element Contains" owner="SeleniumLibrary">
<arg>xpath=//*[@id="root"]/div/header</arg>
<arg>ลงทะเบียน</arg>
<doc>Waits until the element ``locator`` contains ``text``.</doc>
<status status="PASS" start="2024-04-08T19:01:45.560490" elapsed="0.555450"/>
</kw>
<status status="PASS" start="2024-04-08T19:01:45.557469" elapsed="0.558471"/>
</kw>
<kw name="Input English Name">
<kw name="Input Text" owner="SeleniumLibrary">
<msg time="2024-04-08T19:01:46.115940" level="INFO">Typing text 'kkkkkkkkkkkkkkkkkkkkkkkkkkkkkkkkkkkkkkkkkkkkkkkkkkkkkkkkkkkkkkkkkkkkkkkkkkkkkkkkkkkkkkkkkkkkkkkkkkkkkkkkkkkkkkkkkkkkkkkkkkkkkkkkkkkkkkkkkkkkkkkkkkkkkkkkkkkkkkkkkkkkkkkkkkkkkkkkkkkkkkkkkkkkkkkkkkkkkkkkkkkkkkkkkkkkkkkkkkkkkkkkkkkkkkkkkkkkkkkkkkkkkkkkkkkkkkkkkkkkkkkkkkkkkkkkkkkkk' into text field 'id=fnameEN'.</msg>
<arg>id=fnameEN</arg>
<arg>${ENNAME}</arg>
<doc>Types the given ``text`` into the text field identified by ``locator``.</doc>
<status status="PASS" start="2024-04-08T19:01:46.115940" elapsed="1.692050"/>
</kw>
<kw name="Input Text" owner="SeleniumLibrary">
<msg time="2024-04-08T19:01:47.810125" level="INFO">Typing text 'kkkkkkkkkkkkkkkkkkkkkkkkkkkkkkkkkkkkkkkkkkkkkkkkkkkkkkkkkkkkkkkkkkkkkkkkkkkkkkkkkkkkkkkkkkkkkkkkkkkkkkkkkkkkkkkkkkkkkkkkkkkkkkkkkkkkkkkkkkkkkkkkkkkkkkkkkkkkkkkkkkkkkkkkkkkkkkkkkkkkkkkkkkkkkkkkkkkkkkkkkkkkkkkkkkkkkkkkkkkkkkkkkkkkkkkkkkkkkkkkkkkkkkkkkkkkkkkkkkkkkkkkkkkkkkkkkkkkk' into text field 'id=lnameEN'.</msg>
<arg>id=lnameEN</arg>
<arg>${ENLASTNAME}</arg>
<doc>Types the given ``text`` into the text field identified by ``locator``.</doc>
<status status="PASS" start="2024-04-08T19:01:47.809004" elapsed="1.517923"/>
</kw>
<arg>${ENVARIABLES2}[name]</arg>
<arg>${ENVARIABLES2}[lastname]</arg>
<status status="PASS" start="2024-04-08T19:01:46.115940" elapsed="3.210987"/>
</kw>
<kw name="Sleep" owner="BuiltIn">
<msg time="2024-04-08T19:01:59.329439" level="INFO">Slept 10 seconds.</msg>
<arg>10seconds</arg>
<doc>Pauses the test executed for the given time.</doc>
<status status="PASS" start="2024-04-08T19:01:49.326927" elapsed="10.002512"/>
</kw>
<kw name="Page Should Contain" owner="SeleniumLibrary">
<msg time="2024-04-08T19:01:59.405658" level="INFO">Current page contains text 'The length of name is too long.'.</msg>
<arg>${ERRENVARIABLES2}[errname]</arg>
<doc>Verifies that current page contains ``text``.</doc>
<status status="PASS" start="2024-04-08T19:01:59.329439" elapsed="0.076219"/>
</kw>
<kw name="Page Should Contain" owner="SeleniumLibrary">
<msg time="2024-04-08T19:01:59.446600" level="INFO">Current page contains text 'The length of lastname is too long.'.</msg>
<arg>${ERRENVARIABLES2}[errlastname]</arg>
<doc>Verifies that current page contains ``text``.</doc>
<status status="PASS" start="2024-04-08T19:01:59.405658" elapsed="0.040942"/>
</kw>
<kw name="Capture Screenshot">
<kw name="Capture Page Screenshot" owner="SeleniumLibrary">
<msg time="2024-04-08T19:01:59.760152" level="INFO" html="true">&lt;/td&gt;&lt;/tr&gt;&lt;tr&gt;&lt;td colspan="3"&gt;&lt;a href="Screenshot/result-6.png"&gt;&lt;img src="Screenshot/result-6.png" width="800px"&gt;&lt;/a&gt;</msg>
<arg>./Screenshot/result-{index}.png</arg>
<doc>Takes a screenshot of the current page and embeds it into a log file.</doc>
<status status="PASS" start="2024-04-08T19:01:59.446600" elapsed="0.313552"/>
</kw>
<status status="PASS" start="2024-04-08T19:01:59.446600" elapsed="0.313552"/>
</kw>
<kw name="Close Browser" owner="SeleniumLibrary">
<doc>Closes the current browser.</doc>
<status status="PASS" start="2024-04-08T19:01:59.763678" elapsed="2.521277"/>
</kw>
<status status="PASS" start="2024-04-08T19:01:42.585007" elapsed="19.709650"/>
</test>
<test id="s1-t7" name="Test 07 Person ID less" line="72">
<kw name="Open Browser" owner="SeleniumLibrary">
<msg time="2024-04-08T19:02:02.311796" level="INFO">Opening browser 'Edge' to base url 'https://react-form-for-robot.vercel.app/'.</msg>
<arg>${URL}</arg>
<arg>${BROWSER}</arg>
<doc>Opens a new browser instance to the optional ``url``.</doc>
<status status="PASS" start="2024-04-08T19:02:02.311796" elapsed="3.585488"/>
</kw>
<kw name="Wait Web">
<kw name="Wait Until Element Contains" owner="SeleniumLibrary">
<arg>xpath=//*[@id="root"]/div/header</arg>
<arg>ลงทะเบียน</arg>
<doc>Waits until the element ``locator`` contains ``text``.</doc>
<status status="PASS" start="2024-04-08T19:02:05.962023" elapsed="0.096896"/>
</kw>
<status status="PASS" start="2024-04-08T19:02:05.949695" elapsed="0.109224"/>
</kw>
<kw name="Input Person ID">
<kw name="Input Text" owner="SeleniumLibrary">
<msg time="2024-04-08T19:02:06.063530" level="INFO">Typing text '000000000000' into text field 'id=personID'.</msg>
<arg>id=personID</arg>
<arg>${PERSONID}</arg>
<doc>Types the given ``text`` into the text field identified by ``locator``.</doc>
<status status="PASS" start="2024-04-08T19:02:06.058919" elapsed="0.310122"/>
</kw>
<arg>${PERSONID}[id2]</arg>
<status status="PASS" start="2024-04-08T19:02:06.058919" elapsed="0.310122"/>
</kw>
<kw name="Sleep" owner="BuiltIn">
<msg time="2024-04-08T19:02:16.379740" level="INFO">Slept 10 seconds.</msg>
<arg>10seconds</arg>
<doc>Pauses the test executed for the given time.</doc>
<status status="PASS" start="2024-04-08T19:02:06.373591" elapsed="10.006149"/>
</kw>
<kw name="Page Should Contain" owner="SeleniumLibrary">
<msg time="2024-04-08T19:02:16.451082" level="INFO">Current page contains text 'กรุณากรอกหมายเลขบัตรประชาชนให้ถูกต้อง'.</msg>
<arg>${ERRPERSONID}[errID2]</arg>
<doc>Verifies that current page contains ``text``.</doc>
<status status="PASS" start="2024-04-08T19:02:16.379740" elapsed="0.074935"/>
</kw>
<kw name="Capture Screenshot">
<kw name="Capture Page Screenshot" owner="SeleniumLibrary">
<msg time="2024-04-08T19:02:16.772431" level="INFO" html="true">&lt;/td&gt;&lt;/tr&gt;&lt;tr&gt;&lt;td colspan="3"&gt;&lt;a href="Screenshot/result-7.png"&gt;&lt;img src="Screenshot/result-7.png" width="800px"&gt;&lt;/a&gt;</msg>
<arg>./Screenshot/result-{index}.png</arg>
<doc>Takes a screenshot of the current page and embeds it into a log file.</doc>
<status status="PASS" start="2024-04-08T19:02:16.456699" elapsed="0.315732"/>
</kw>
<status status="PASS" start="2024-04-08T19:02:16.454675" elapsed="0.317756"/>
</kw>
<kw name="Close Browser" owner="SeleniumLibrary">
<doc>Closes the current browser.</doc>
<status status="PASS" start="2024-04-08T19:02:16.772431" elapsed="2.439617"/>
</kw>
<status status="PASS" start="2024-04-08T19:02:02.299677" elapsed="16.914978"/>
</test>
<test id="s1-t8" name="Test 08 Person ID more" line="81">
<kw name="Open Browser" owner="SeleniumLibrary">
<msg time="2024-04-08T19:02:19.214655" level="INFO">Opening browser 'Edge' to base url 'https://react-form-for-robot.vercel.app/'.</msg>
<arg>${URL}</arg>
<arg>${BROWSER}</arg>
<doc>Opens a new browser instance to the optional ``url``.</doc>
<status status="PASS" start="2024-04-08T19:02:19.214655" elapsed="3.338305"/>
</kw>
<kw name="Wait Web">
<kw name="Wait Until Element Contains" owner="SeleniumLibrary">
<arg>xpath=//*[@id="root"]/div/header</arg>
<arg>ลงทะเบียน</arg>
<doc>Waits until the element ``locator`` contains ``text``.</doc>
<status status="PASS" start="2024-04-08T19:02:22.558376" elapsed="0.093584"/>
</kw>
<status status="PASS" start="2024-04-08T19:02:22.555865" elapsed="0.096095"/>
</kw>
<kw name="Input Person ID">
<kw name="Input Text" owner="SeleniumLibrary">
<msg time="2024-04-08T19:02:22.654563" level="INFO">Typing text '00000000000000' into text field 'id=personID'.</msg>
<arg>id=personID</arg>
<arg>${PERSONID}</arg>
<doc>Types the given ``text`` into the text field identified by ``locator``.</doc>
<status status="PASS" start="2024-04-08T19:02:22.651960" elapsed="0.282819"/>
</kw>
<arg>${PERSONID}[id3]</arg>
<status status="PASS" start="2024-04-08T19:02:22.651960" elapsed="0.285165"/>
</kw>
<kw name="Sleep" owner="BuiltIn">
<msg time="2024-04-08T19:02:32.937437" level="INFO">Slept 10 seconds.</msg>
<arg>10seconds</arg>
<doc>Pauses the test executed for the given time.</doc>
<status status="PASS" start="2024-04-08T19:02:22.937125" elapsed="10.000312"/>
</kw>
<kw name="Page Should Contain" owner="SeleniumLibrary">
<msg time="2024-04-08T19:02:33.006068" level="INFO">Current page contains text 'กรุณากรอกหมายเลขบัตรประชาชนให้ถูกต้อง'.</msg>
<arg>${ERRPERSONID}[errID2]</arg>
<doc>Verifies that current page contains ``text``.</doc>
<status status="PASS" start="2024-04-08T19:02:32.937437" elapsed="0.068631"/>
</kw>
<kw name="Capture Screenshot">
<kw name="Capture Page Screenshot" owner="SeleniumLibrary">
<msg time="2024-04-08T19:02:33.351143" level="INFO" html="true">&lt;/td&gt;&lt;/tr&gt;&lt;tr&gt;&lt;td colspan="3"&gt;&lt;a href="Screenshot/result-8.png"&gt;&lt;img src="Screenshot/result-8.png" width="800px"&gt;&lt;/a&gt;</msg>
<arg>./Screenshot/result-{index}.png</arg>
<doc>Takes a screenshot of the current page and embeds it into a log file.</doc>
<status status="PASS" start="2024-04-08T19:02:33.006068" elapsed="0.345075"/>
</kw>
<status status="PASS" start="2024-04-08T19:02:33.006068" elapsed="0.345075"/>
</kw>
<kw name="Close Browser" owner="SeleniumLibrary">
<doc>Closes the current browser.</doc>
<status status="PASS" start="2024-04-08T19:02:33.354740" elapsed="2.507307"/>
</kw>
<status status="PASS" start="2024-04-08T19:02:19.214655" elapsed="16.647392"/>
</test>
<test id="s1-t9" name="Test 09 Person ID with -" line="90">
<kw name="Open Browser" owner="SeleniumLibrary">
<msg time="2024-04-08T19:02:35.874539" level="INFO">Opening browser 'Edge' to base url 'https://react-form-for-robot.vercel.app/'.</msg>
<arg>${URL}</arg>
<arg>${BROWSER}</arg>
<doc>Opens a new browser instance to the optional ``url``.</doc>
<status status="PASS" start="2024-04-08T19:02:35.869952" elapsed="3.738524"/>
</kw>
<kw name="Wait Web">
<kw name="Wait Until Element Contains" owner="SeleniumLibrary">
<arg>xpath=//*[@id="root"]/div/header</arg>
<arg>ลงทะเบียน</arg>
<doc>Waits until the element ``locator`` contains ``text``.</doc>
<status status="PASS" start="2024-04-08T19:02:39.608476" elapsed="0.471831"/>
</kw>
<status status="PASS" start="2024-04-08T19:02:39.608476" elapsed="0.471831"/>
</kw>
<kw name="Input Person ID">
<kw name="Input Text" owner="SeleniumLibrary">
<msg time="2024-04-08T19:02:40.086251" level="INFO">Typing text '000-000-000-0000' into text field 'id=personID'.</msg>
<arg>id=personID</arg>
<arg>${PERSONID}</arg>
<doc>Types the given ``text`` into the text field identified by ``locator``.</doc>
<status status="PASS" start="2024-04-08T19:02:40.085661" elapsed="0.382127"/>
</kw>
<arg>${PERSONID}[id4]</arg>
<status status="PASS" start="2024-04-08T19:02:40.083741" elapsed="0.387021"/>
</kw>
<kw name="Sleep" owner="BuiltIn">
<msg time="2024-04-08T19:02:50.474495" level="INFO">Slept 10 seconds.</msg>
<arg>10seconds</arg>
<doc>Pauses the test executed for the given time.</doc>
<status status="PASS" start="2024-04-08T19:02:40.470762" elapsed="10.003733"/>
</kw>
<kw name="Page Should Contain" owner="SeleniumLibrary">
<msg time="2024-04-08T19:02:50.534548" level="INFO">Current page contains text 'กรุณากรอกหมายเลขบัตรประชาชนให้ถูกต้อง'.</msg>
<arg>${ERRPERSONID}[errID2]</arg>
<doc>Verifies that current page contains ``text``.</doc>
<status status="PASS" start="2024-04-08T19:02:50.474495" elapsed="0.061667"/>
</kw>
<kw name="Capture Screenshot">
<kw name="Capture Page Screenshot" owner="SeleniumLibrary">
<msg time="2024-04-08T19:02:50.776680" level="INFO" html="true">&lt;/td&gt;&lt;/tr&gt;&lt;tr&gt;&lt;td colspan="3"&gt;&lt;a href="Screenshot/result-9.png"&gt;&lt;img src="Screenshot/result-9.png" width="800px"&gt;&lt;/a&gt;</msg>
<arg>./Screenshot/result-{index}.png</arg>
<doc>Takes a screenshot of the current page and embeds it into a log file.</doc>
<status status="PASS" start="2024-04-08T19:02:50.547265" elapsed="0.229415"/>
</kw>
<status status="PASS" start="2024-04-08T19:02:50.547265" elapsed="0.230755"/>
</kw>
<kw name="Close Browser" owner="SeleniumLibrary">
<doc>Closes the current browser.</doc>
<status status="PASS" start="2024-04-08T19:02:50.778613" elapsed="2.429652"/>
</kw>
<status status="PASS" start="2024-04-08T19:02:35.869952" elapsed="17.338313"/>
</test>
<test id="s1-t10" name="Test 10 Person ID less" line="99">
<kw name="Open Browser" owner="SeleniumLibrary">
<msg time="2024-04-08T19:02:53.213786" level="INFO">Opening browser 'Edge' to base url 'https://react-form-for-robot.vercel.app/'.</msg>
<arg>${URL}</arg>
<arg>${BROWSER}</arg>
<doc>Opens a new browser instance to the optional ``url``.</doc>
<status status="PASS" start="2024-04-08T19:02:53.208265" elapsed="3.486933"/>
</kw>
<kw name="Wait Web">
<kw name="Wait Until Element Contains" owner="SeleniumLibrary">
<arg>xpath=//*[@id="root"]/div/header</arg>
<arg>ลงทะเบียน</arg>
<doc>Waits until the element ``locator`` contains ``text``.</doc>
<status status="PASS" start="2024-04-08T19:02:56.697356" elapsed="0.053212"/>
</kw>
<status status="PASS" start="2024-04-08T19:02:56.697356" elapsed="0.053212"/>
</kw>
<kw name="Input Person ID">
<kw name="Input Text" owner="SeleniumLibrary">
<msg time="2024-04-08T19:02:56.754263" level="INFO">Typing text '000 000 000 0000' into text field 'id=personID'.</msg>
<arg>id=personID</arg>
<arg>${PERSONID}</arg>
<doc>Types the given ``text`` into the text field identified by ``locator``.</doc>
<status status="PASS" start="2024-04-08T19:02:56.752692" elapsed="0.300721"/>
</kw>
<arg>${PERSONID}[id5]</arg>
<status status="PASS" start="2024-04-08T19:02:56.751172" elapsed="0.302241"/>
</kw>
<kw name="Sleep" owner="BuiltIn">
<msg time="2024-04-08T19:03:07.054834" level="INFO">Slept 10 seconds.</msg>
<arg>10seconds</arg>
<doc>Pauses the test executed for the given time.</doc>
<status status="PASS" start="2024-04-08T19:02:57.054436" elapsed="10.000398"/>
</kw>
<kw name="Page Should Contain" owner="SeleniumLibrary">
<msg time="2024-04-08T19:03:07.125060" level="INFO">Current page contains text 'ไม่ต้องเว้นวรรค'.</msg>
<arg>${ERRPERSONID}[errID1]</arg>
<doc>Verifies that current page contains ``text``.</doc>
<status status="PASS" start="2024-04-08T19:03:07.056953" elapsed="0.068107"/>
</kw>
<kw name="Capture Screenshot">
<kw name="Capture Page Screenshot" owner="SeleniumLibrary">
<msg time="2024-04-08T19:03:07.360906" level="INFO" html="true">&lt;/td&gt;&lt;/tr&gt;&lt;tr&gt;&lt;td colspan="3"&gt;&lt;a href="Screenshot/result-10.png"&gt;&lt;img src="Screenshot/result-10.png" width="800px"&gt;&lt;/a&gt;</msg>
<arg>./Screenshot/result-{index}.png</arg>
<doc>Takes a screenshot of the current page and embeds it into a log file.</doc>
<status status="PASS" start="2024-04-08T19:03:07.130379" elapsed="0.231169"/>
</kw>
<status status="PASS" start="2024-04-08T19:03:07.125060" elapsed="0.236488"/>
</kw>
<kw name="Close Browser" owner="SeleniumLibrary">
<doc>Closes the current browser.</doc>
<status status="PASS" start="2024-04-08T19:03:07.367527" elapsed="2.480358"/>
</kw>
<status status="PASS" start="2024-04-08T19:02:53.208265" elapsed="16.639620"/>
</test>
<test id="s1-t11" name="Test 11 Password All Upper" line="108">
<kw name="Open Browser" owner="SeleniumLibrary">
<msg time="2024-04-08T19:03:09.853412" level="INFO">Opening browser 'Edge' to base url 'https://react-form-for-robot.vercel.app/'.</msg>
<arg>${URL}</arg>
<arg>${BROWSER}</arg>
<doc>Opens a new browser instance to the optional ``url``.</doc>
<status status="PASS" start="2024-04-08T19:03:09.853412" elapsed="2.989972"/>
</kw>
<kw name="Wait Web">
<kw name="Wait Until Element Contains" owner="SeleniumLibrary">
<arg>xpath=//*[@id="root"]/div/header</arg>
<arg>ลงทะเบียน</arg>
<doc>Waits until the element ``locator`` contains ``text``.</doc>
<status status="PASS" start="2024-04-08T19:03:12.844922" elapsed="0.463676"/>
</kw>
<status status="PASS" start="2024-04-08T19:03:12.844922" elapsed="0.463676"/>
</kw>
<kw name="Input Password">
<kw name="Input Text" owner="SeleniumLibrary">
<msg time="2024-04-08T19:03:13.311746" level="INFO">Typing text 'EX000000' into text field 'id=passwd'.</msg>
<arg>id=passwd</arg>
<arg>${PASSWORD}</arg>
<doc>Types the given ``text`` into the text field identified by ``locator``.</doc>
<status status="PASS" start="2024-04-08T19:03:13.310231" elapsed="0.276352"/>
</kw>
<arg>${PASSWORDS}[pass2]</arg>
<status status="PASS" start="2024-04-08T19:03:13.308598" elapsed="0.279521"/>
</kw>
<kw name="Sleep" owner="BuiltIn">
<msg time="2024-04-08T19:03:23.589756" level="INFO">Slept 10 seconds.</msg>
<arg>10seconds</arg>
<doc>Pauses the test executed for the given time.</doc>
<status status="PASS" start="2024-04-08T19:03:13.588119" elapsed="10.001637"/>
</kw>
<kw name="Page Should Contain" owner="SeleniumLibrary">
<msg time="2024-04-08T19:03:23.660082" level="INFO">Current page contains text 'รหัสผ่านจะต้องมีตัวพิมพ์เล็กอย่างน้อย 1 ตัวอักษร'.</msg>
<arg>${ERRPASSWORD}[errPass2]</arg>
<doc>Verifies that current page contains ``text``.</doc>
<status status="PASS" start="2024-04-08T19:03:23.589756" elapsed="0.070326"/>
</kw>
<kw name="Capture Screenshot">
<kw name="Capture Page Screenshot" owner="SeleniumLibrary">
<msg time="2024-04-08T19:03:23.881293" level="INFO" html="true">&lt;/td&gt;&lt;/tr&gt;&lt;tr&gt;&lt;td colspan="3"&gt;&lt;a href="Screenshot/result-11.png"&gt;&lt;img src="Screenshot/result-11.png" width="800px"&gt;&lt;/a&gt;</msg>
<arg>./Screenshot/result-{index}.png</arg>
<doc>Takes a screenshot of the current page and embeds it into a log file.</doc>
<status status="PASS" start="2024-04-08T19:03:23.664670" elapsed="0.216623"/>
</kw>
<status status="PASS" start="2024-04-08T19:03:23.664670" elapsed="0.216623"/>
</kw>
<kw name="Close Browser" owner="SeleniumLibrary">
<doc>Closes the current browser.</doc>
<status status="PASS" start="2024-04-08T19:03:23.882314" elapsed="2.462193"/>
</kw>
<status status="PASS" start="2024-04-08T19:03:09.847885" elapsed="16.496622"/>
</test>
<test id="s1-t12" name="Test 12 Password All lower" line="117">
<kw name="Open Browser" owner="SeleniumLibrary">
<msg time="2024-04-08T19:03:26.355424" level="INFO">Opening browser 'Edge' to base url 'https://react-form-for-robot.vercel.app/'.</msg>
<arg>${URL}</arg>
<arg>${BROWSER}</arg>
<doc>Opens a new browser instance to the optional ``url``.</doc>
<status status="PASS" start="2024-04-08T19:03:26.352760" elapsed="3.327365"/>
</kw>
<kw name="Wait Web">
<kw name="Wait Until Element Contains" owner="SeleniumLibrary">
<arg>xpath=//*[@id="root"]/div/header</arg>
<arg>ลงทะเบียน</arg>
<doc>Waits until the element ``locator`` contains ``text``.</doc>
<status status="PASS" start="2024-04-08T19:03:29.684508" elapsed="0.174902"/>
</kw>
<status status="PASS" start="2024-04-08T19:03:29.682134" elapsed="0.177276"/>
</kw>
<kw name="Input Password">
<kw name="Input Text" owner="SeleniumLibrary">
<msg time="2024-04-08T19:03:29.859410" level="INFO">Typing text 'ex000000' into text field 'id=passwd'.</msg>
<arg>id=passwd</arg>
<arg>${PASSWORD}</arg>
<doc>Types the given ``text`` into the text field identified by ``locator``.</doc>
<status status="PASS" start="2024-04-08T19:03:29.859410" elapsed="0.265382"/>
</kw>
<arg>${PASSWORDS}[pass3]</arg>
<status status="PASS" start="2024-04-08T19:03:29.859410" elapsed="0.265382"/>
</kw>
<kw name="Sleep" owner="BuiltIn">
<msg time="2024-04-08T19:03:40.126859" level="INFO">Slept 10 seconds.</msg>
<arg>10seconds</arg>
<doc>Pauses the test executed for the given time.</doc>
<status status="PASS" start="2024-04-08T19:03:30.126106" elapsed="10.000753"/>
</kw>
<kw name="Page Should Contain" owner="SeleniumLibrary">
<msg time="2024-04-08T19:03:40.190057" level="INFO">Current page contains text 'รหัสผ่านจะต้องมีตัวพิมพ์ใหญ่อย่างน้อย 1 ตัวอักษร'.</msg>
<arg>${ERRPASSWORD}[errPass3]</arg>
<doc>Verifies that current page contains ``text``.</doc>
<status status="PASS" start="2024-04-08T19:03:40.126859" elapsed="0.063198"/>
</kw>
<kw name="Capture Screenshot">
<kw name="Capture Page Screenshot" owner="SeleniumLibrary">
<msg time="2024-04-08T19:03:40.416985" level="INFO" html="true">&lt;/td&gt;&lt;/tr&gt;&lt;tr&gt;&lt;td colspan="3"&gt;&lt;a href="Screenshot/result-12.png"&gt;&lt;img src="Screenshot/result-12.png" width="800px"&gt;&lt;/a&gt;</msg>
<arg>./Screenshot/result-{index}.png</arg>
<doc>Takes a screenshot of the current page and embeds it into a log file.</doc>
<status status="PASS" start="2024-04-08T19:03:40.201692" elapsed="0.215293"/>
</kw>
<status status="PASS" start="2024-04-08T19:03:40.201692" elapsed="0.215828"/>
</kw>
<kw name="Close Browser" owner="SeleniumLibrary">
<doc>Closes the current browser.</doc>
<status status="PASS" start="2024-04-08T19:03:40.427373" elapsed="2.467023"/>
</kw>
<status status="PASS" start="2024-04-08T19:03:26.348673" elapsed="16.545723"/>
</test>
<test id="s1-t13" name="Test 13 Password No Number" line="126">
<kw name="Open Browser" owner="SeleniumLibrary">
<msg time="2024-04-08T19:03:42.894396" level="INFO">Opening browser 'Edge' to base url 'https://react-form-for-robot.vercel.app/'.</msg>
<arg>${URL}</arg>
<arg>${BROWSER}</arg>
<doc>Opens a new browser instance to the optional ``url``.</doc>
<status status="PASS" start="2024-04-08T19:03:42.894396" elapsed="3.177018"/>
</kw>
<kw name="Wait Web">
<kw name="Wait Until Element Contains" owner="SeleniumLibrary">
<arg>xpath=//*[@id="root"]/div/header</arg>
<arg>ลงทะเบียน</arg>
<doc>Waits until the element ``locator`` contains ``text``.</doc>
<status status="PASS" start="2024-04-08T19:03:46.078761" elapsed="0.622413"/>
</kw>
<status status="PASS" start="2024-04-08T19:03:46.075875" elapsed="0.625299"/>
</kw>
<kw name="Input Password">
<kw name="Input Text" owner="SeleniumLibrary">
<msg time="2024-04-08T19:03:46.717056" level="INFO">Typing text 'ExExExEx' into text field 'id=passwd'.</msg>
<arg>id=passwd</arg>
<arg>${PASSWORD}</arg>
<doc>Types the given ``text`` into the text field identified by ``locator``.</doc>
<status status="PASS" start="2024-04-08T19:03:46.717056" elapsed="0.953639"/>
</kw>
<arg>${PASSWORDS}[pass4]</arg>
<status status="PASS" start="2024-04-08T19:03:46.717056" elapsed="0.953639"/>
</kw>
<kw name="Sleep" owner="BuiltIn">
<msg time="2024-04-08T19:03:57.672735" level="INFO">Slept 10 seconds.</msg>
<arg>10seconds</arg>
<doc>Pauses the test executed for the given time.</doc>
<status status="PASS" start="2024-04-08T19:03:47.672554" elapsed="10.000181"/>
</kw>
<kw name="Page Should Contain" owner="SeleniumLibrary">
<msg time="2024-04-08T19:03:57.729189" level="INFO">Current page contains text 'รหัสผ่านจะต้องมีตัวเลข'.</msg>
<arg>${ERRPASSWORD}[errPass4]</arg>
<doc>Verifies that current page contains ``text``.</doc>
<status status="PASS" start="2024-04-08T19:03:57.672735" elapsed="0.057417"/>
</kw>
<kw name="Capture Screenshot">
<kw name="Capture Page Screenshot" owner="SeleniumLibrary">
<msg time="2024-04-08T19:03:57.945347" level="INFO" html="true">&lt;/td&gt;&lt;/tr&gt;&lt;tr&gt;&lt;td colspan="3"&gt;&lt;a href="Screenshot/result-13.png"&gt;&lt;img src="Screenshot/result-13.png" width="800px"&gt;&lt;/a&gt;</msg>
<arg>./Screenshot/result-{index}.png</arg>
<doc>Takes a screenshot of the current page and embeds it into a log file.</doc>
<status status="PASS" start="2024-04-08T19:03:57.740448" elapsed="0.205908"/>
</kw>
<status status="PASS" start="2024-04-08T19:03:57.740448" elapsed="0.207314"/>
</kw>
<kw name="Close Browser" owner="SeleniumLibrary">
<doc>Closes the current browser.</doc>
<status status="PASS" start="2024-04-08T19:03:57.953558" elapsed="2.474995"/>
</kw>
<status status="PASS" start="2024-04-08T19:03:42.894396" elapsed="17.534795"/>
</test>
<test id="s1-t14" name="Test 14 Password Not 8" line="135">
<kw name="Open Browser" owner="SeleniumLibrary">
<msg time="2024-04-08T19:04:00.436785" level="INFO">Opening browser 'Edge' to base url 'https://react-form-for-robot.vercel.app/'.</msg>
<arg>${URL}</arg>
<arg>${BROWSER}</arg>
<doc>Opens a new browser instance to the optional ``url``.</doc>
<status status="PASS" start="2024-04-08T19:04:00.436785" elapsed="3.306310"/>
</kw>
<kw name="Wait Web">
<kw name="Wait Until Element Contains" owner="SeleniumLibrary">
<arg>xpath=//*[@id="root"]/div/header</arg>
<arg>ลงทะเบียน</arg>
<doc>Waits until the element ``locator`` contains ``text``.</doc>
<status status="PASS" start="2024-04-08T19:04:03.790233" elapsed="0.086946"/>
</kw>
<status status="PASS" start="2024-04-08T19:04:03.788220" elapsed="0.090478"/>
</kw>
<kw name="Input Password">
<kw name="Input Text" owner="SeleniumLibrary">
<msg time="2024-04-08T19:04:03.878698" level="INFO">Typing text '1ExEEEX' into text field 'id=passwd'.</msg>
<arg>id=passwd</arg>
<arg>${PASSWORD}</arg>
<doc>Types the given ``text`` into the text field identified by ``locator``.</doc>
<status status="PASS" start="2024-04-08T19:04:03.878698" elapsed="0.280329"/>
</kw>
<arg>${PASSWORDS}[pass5]</arg>
<status status="PASS" start="2024-04-08T19:04:03.878698" elapsed="0.281210"/>
</kw>
<kw name="Sleep" owner="BuiltIn">
<msg time="2024-04-08T19:04:14.160322" level="INFO">Slept 10 seconds.</msg>
<arg>10seconds</arg>
<doc>Pauses the test executed for the given time.</doc>
<status status="PASS" start="2024-04-08T19:04:04.159908" elapsed="10.000414"/>
</kw>
<kw name="Page Should Contain" owner="SeleniumLibrary">
<msg time="2024-04-08T19:04:14.265247" level="INFO">Current page contains text 'กรุณาตั้งรหัสผ่านอย่างน้อย 8 ตัวอักษร'.</msg>
<arg>${ERRPASSWORD}[errPass1]</arg>
<doc>Verifies that current page contains ``text``.</doc>
<status status="PASS" start="2024-04-08T19:04:14.192569" elapsed="0.073260"/>
</kw>
<kw name="Capture Screenshot">
<kw name="Capture Page Screenshot" owner="SeleniumLibrary">
<msg time="2024-04-08T19:04:14.593856" level="INFO" html="true">&lt;/td&gt;&lt;/tr&gt;&lt;tr&gt;&lt;td colspan="3"&gt;&lt;a href="Screenshot/result-14.png"&gt;&lt;img src="Screenshot/result-14.png" width="800px"&gt;&lt;/a&gt;</msg>
<arg>./Screenshot/result-{index}.png</arg>
<doc>Takes a screenshot of the current page and embeds it into a log file.</doc>
<status status="PASS" start="2024-04-08T19:04:14.272178" elapsed="0.321678"/>
</kw>
<status status="PASS" start="2024-04-08T19:04:14.269647" elapsed="0.324209"/>
</kw>
<kw name="Close Browser" owner="SeleniumLibrary">
<doc>Closes the current browser.</doc>
<status status="PASS" start="2024-04-08T19:04:14.595960" elapsed="2.924321"/>
</kw>
<status status="PASS" start="2024-04-08T19:04:00.434457" elapsed="17.088645"/>
</test>
<test id="s1-t15" name="Test 15 Phone with - &amp; Email Wrong" line="144">
<kw name="Open Browser" owner="SeleniumLibrary">
<msg time="2024-04-08T19:04:17.527908" level="INFO">Opening browser 'Edge' to base url 'https://react-form-for-robot.vercel.app/'.</msg>
<arg>${URL}</arg>
<arg>${BROWSER}</arg>
<doc>Opens a new browser instance to the optional ``url``.</doc>
<status status="PASS" start="2024-04-08T19:04:17.527908" elapsed="3.301188"/>
</kw>
<kw name="Wait Web">
<kw name="Wait Until Element Contains" owner="SeleniumLibrary">
<arg>xpath=//*[@id="root"]/div/header</arg>
<arg>ลงทะเบียน</arg>
<doc>Waits until the element ``locator`` contains ``text``.</doc>
<status status="PASS" start="2024-04-08T19:04:20.833105" elapsed="0.103572"/>
</kw>
<status status="PASS" start="2024-04-08T19:04:20.833105" elapsed="0.103572"/>
</kw>
<kw name="Input Email &amp; Phone">
<kw name="Input Text" owner="SeleniumLibrary">
<msg time="2024-04-08T19:04:20.942676" level="INFO">Typing text '000-0000000' into text field 'id=phone'.</msg>
<arg>id=phone</arg>
<arg>${PHONE}</arg>
<doc>Types the given ``text`` into the text field identified by ``locator``.</doc>
<status status="PASS" start="2024-04-08T19:04:20.939741" elapsed="0.238590"/>
</kw>
<kw name="Input Text" owner="SeleniumLibrary">
<msg time="2024-04-08T19:04:21.178331" level="INFO">Typing text '654259023' into text field 'id=email'.</msg>
<arg>id=email</arg>
<arg>${EMAIL}</arg>
<doc>Types the given ``text`` into the text field identified by ``locator``.</doc>
<status status="PASS" start="2024-04-08T19:04:21.178331" elapsed="0.184750"/>
</kw>
<arg>${PHONE}[phone2]</arg>
<arg>${EMAIL}[email1]</arg>
<status status="PASS" start="2024-04-08T19:04:20.937139" elapsed="0.425942"/>
</kw>
<kw name="Sleep" owner="BuiltIn">
<msg time="2024-04-08T19:04:31.363486" level="INFO">Slept 10 seconds.</msg>
<arg>10seconds</arg>
<doc>Pauses the test executed for the given time.</doc>
<status status="PASS" start="2024-04-08T19:04:21.363081" elapsed="10.000405"/>
</kw>
<kw name="Page Should Contain" owner="SeleniumLibrary">
<msg time="2024-04-08T19:04:31.413707" level="INFO">Current page contains text 'ไม่ต้องใส่อักขระขีด'.</msg>
<arg>${ERRPHONE}[errPhone1]</arg>
<doc>Verifies that current page contains ``text``.</doc>
<status status="PASS" start="2024-04-08T19:04:31.364419" elapsed="0.049288"/>
</kw>
<kw name="Page Should Contain" owner="SeleniumLibrary">
<msg time="2024-04-08T19:04:31.468620" level="INFO">Current page contains text 'กรุณากรอกอีเมลให้ถูกต้อง'.</msg>
<arg>${ERREMAIL}[errEmail1]</arg>
<doc>Verifies that current page contains ``text``.</doc>
<status status="PASS" start="2024-04-08T19:04:31.413707" elapsed="0.054913"/>
</kw>
<kw name="Capture Screenshot">
<kw name="Capture Page Screenshot" owner="SeleniumLibrary">
<msg time="2024-04-08T19:04:31.783194" level="INFO" html="true">&lt;/td&gt;&lt;/tr&gt;&lt;tr&gt;&lt;td colspan="3"&gt;&lt;a href="Screenshot/result-15.png"&gt;&lt;img src="Screenshot/result-15.png" width="800px"&gt;&lt;/a&gt;</msg>
<arg>./Screenshot/result-{index}.png</arg>
<doc>Takes a screenshot of the current page and embeds it into a log file.</doc>
<status status="PASS" start="2024-04-08T19:04:31.468620" elapsed="0.314574"/>
</kw>
<status status="PASS" start="2024-04-08T19:04:31.468620" elapsed="0.314574"/>
</kw>
<kw name="Close Browser" owner="SeleniumLibrary">
<doc>Closes the current browser.</doc>
<status status="PASS" start="2024-04-08T19:04:31.783194" elapsed="2.418256"/>
</kw>
<status status="PASS" start="2024-04-08T19:04:17.525302" elapsed="16.677927"/>
</test>
<test id="s1-t16" name="Test 16 Phone with . &amp; Email Wrong" line="154">
<kw name="Open Browser" owner="SeleniumLibrary">
<msg time="2024-04-08T19:04:34.203283" level="INFO">Opening browser 'Edge' to base url 'https://react-form-for-robot.vercel.app/'.</msg>
<arg>${URL}</arg>
<arg>${BROWSER}</arg>
<doc>Opens a new browser instance to the optional ``url``.</doc>
<status status="PASS" start="2024-04-08T19:04:34.203283" elapsed="2.866426"/>
</kw>
<kw name="Wait Web">
<kw name="Wait Until Element Contains" owner="SeleniumLibrary">
<arg>xpath=//*[@id="root"]/div/header</arg>
<arg>ลงทะเบียน</arg>
<doc>Waits until the element ``locator`` contains ``text``.</doc>
<status status="PASS" start="2024-04-08T19:04:37.070653" elapsed="0.095441"/>
</kw>
<status status="PASS" start="2024-04-08T19:04:37.070653" elapsed="0.095441"/>
</kw>
<kw name="Input Email &amp; Phone">
<kw name="Input Text" owner="SeleniumLibrary">
<msg time="2024-04-08T19:04:37.169241" level="INFO">Typing text '0000000000.' into text field 'id=phone'.</msg>
<arg>id=phone</arg>
<arg>${PHONE}</arg>
<doc>Types the given ``text`` into the text field identified by ``locator``.</doc>
<status status="PASS" start="2024-04-08T19:04:37.169241" elapsed="0.250950"/>
</kw>
<kw name="Input Text" owner="SeleniumLibrary">
<msg time="2024-04-08T19:04:37.420191" level="INFO">Typing text '654259023' into text field 'id=email'.</msg>
<arg>id=email</arg>
<arg>${EMAIL}</arg>
<doc>Types the given ``text`` into the text field identified by ``locator``.</doc>
<status status="PASS" start="2024-04-08T19:04:37.420191" elapsed="0.213051"/>
</kw>
<arg>${PHONE}[phone3]</arg>
<arg>${EMAIL}[email1]</arg>
<status status="PASS" start="2024-04-08T19:04:37.169241" elapsed="0.464001"/>
</kw>
<kw name="Sleep" owner="BuiltIn">
<msg time="2024-04-08T19:04:47.635747" level="INFO">Slept 10 seconds.</msg>
<arg>10seconds</arg>
<doc>Pauses the test executed for the given time.</doc>
<status status="PASS" start="2024-04-08T19:04:37.633242" elapsed="10.002505"/>
</kw>
<kw name="Page Should Contain" owner="SeleniumLibrary">
<msg time="2024-04-08T19:04:47.685510" level="INFO">Current page contains text 'ต้องไม่มี .'.</msg>
<arg>${ERRPHONE}[errPhone2]</arg>
<doc>Verifies that current page contains ``text``.</doc>
<status status="PASS" start="2024-04-08T19:04:47.635747" elapsed="0.049763"/>
</kw>
<kw name="Page Should Contain" owner="SeleniumLibrary">
<msg time="2024-04-08T19:04:47.717615" level="INFO">Current page contains text 'กรุณากรอกอีเมลให้ถูกต้อง'.</msg>
<arg>${ERREMAIL}[errEmail1]</arg>
<doc>Verifies that current page contains ``text``.</doc>
<status status="PASS" start="2024-04-08T19:04:47.687363" elapsed="0.030252"/>
</kw>
<kw name="Capture Screenshot">
<kw name="Capture Page Screenshot" owner="SeleniumLibrary">
<msg time="2024-04-08T19:04:47.974512" level="INFO" html="true">&lt;/td&gt;&lt;/tr&gt;&lt;tr&gt;&lt;td colspan="3"&gt;&lt;a href="Screenshot/result-16.png"&gt;&lt;img src="Screenshot/result-16.png" width="800px"&gt;&lt;/a&gt;</msg>
<arg>./Screenshot/result-{index}.png</arg>
<doc>Takes a screenshot of the current page and embeds it into a log file.</doc>
<status status="PASS" start="2024-04-08T19:04:47.717615" elapsed="0.261407"/>
</kw>
<status status="PASS" start="2024-04-08T19:04:47.717615" elapsed="0.261407"/>
</kw>
<kw name="Close Browser" owner="SeleniumLibrary">
<doc>Closes the current browser.</doc>
<status status="PASS" start="2024-04-08T19:04:48.007852" elapsed="2.527820"/>
</kw>
<status status="PASS" start="2024-04-08T19:04:34.203283" elapsed="16.332389"/>
</test>
<test id="s1-t17" name="Test 17 Phone Not a Number &amp; Email Wrong" line="164">
<kw name="Open Browser" owner="SeleniumLibrary">
<msg time="2024-04-08T19:04:50.542894" level="INFO">Opening browser 'Edge' to base url 'https://react-form-for-robot.vercel.app/'.</msg>
<arg>${URL}</arg>
<arg>${BROWSER}</arg>
<doc>Opens a new browser instance to the optional ``url``.</doc>
<status status="PASS" start="2024-04-08T19:04:50.541639" elapsed="3.347568"/>
</kw>
<kw name="Wait Web">
<kw name="Wait Until Element Contains" owner="SeleniumLibrary">
<arg>xpath=//*[@id="root"]/div/header</arg>
<arg>ลงทะเบียน</arg>
<doc>Waits until the element ``locator`` contains ``text``.</doc>
<status status="PASS" start="2024-04-08T19:04:53.926373" elapsed="0.148175"/>
</kw>
<status status="PASS" start="2024-04-08T19:04:53.925543" elapsed="0.149005"/>
</kw>
<kw name="Input Email &amp; Phone">
<kw name="Input Text" owner="SeleniumLibrary">
<msg time="2024-04-08T19:04:54.077559" level="INFO">Typing text 'aaaaaaaaaa' into text field 'id=phone'.</msg>
<arg>id=phone</arg>
<arg>${PHONE}</arg>
<doc>Types the given ``text`` into the text field identified by ``locator``.</doc>
<status status="PASS" start="2024-04-08T19:04:54.074548" elapsed="0.257811"/>
</kw>
<kw name="Input Text" owner="SeleniumLibrary">
<msg time="2024-04-08T19:04:54.333638" level="INFO">Typing text '654259023' into text field 'id=email'.</msg>
<arg>id=email</arg>
<arg>${EMAIL}</arg>
<doc>Types the given ``text`` into the text field identified by ``locator``.</doc>
<status status="PASS" start="2024-04-08T19:04:54.332359" elapsed="0.261900"/>
</kw>
<arg>${PHONE}[phone4]</arg>
<arg>${EMAIL}[email1]</arg>
<status status="PASS" start="2024-04-08T19:04:54.074548" elapsed="0.519711"/>
</kw>
<kw name="Sleep" owner="BuiltIn">
<msg time="2024-04-08T19:05:04.613698" level="INFO">Slept 10 seconds.</msg>
<arg>10seconds</arg>
<doc>Pauses the test executed for the given time.</doc>
<status status="PASS" start="2024-04-08T19:04:54.594259" elapsed="10.019439"/>
</kw>
<kw name="Page Should Contain" owner="SeleniumLibrary">
<msg time="2024-04-08T19:05:04.897450" level="INFO">Current page contains text 'กรุณากรอกเฉพาะตัวเลข'.</msg>
<arg>${ERRPHONE}[errPhone3]</arg>
<doc>Verifies that current page contains ``text``.</doc>
<status status="PASS" start="2024-04-08T19:05:04.692663" elapsed="0.204787"/>
</kw>
<kw name="Page Should Contain" owner="SeleniumLibrary">
<msg time="2024-04-08T19:05:05.025454" level="INFO">Current page contains text 'กรุณากรอกอีเมลให้ถูกต้อง'.</msg>
<arg>${ERREMAIL}[errEmail1]</arg>
<doc>Verifies that current page contains ``text``.</doc>
<status status="PASS" start="2024-04-08T19:05:04.897450" elapsed="0.128004"/>
</kw>
<kw name="Capture Screenshot">
<kw name="Capture Page Screenshot" owner="SeleniumLibrary">
<msg time="2024-04-08T19:05:05.257627" level="INFO" html="true">&lt;/td&gt;&lt;/tr&gt;&lt;tr&gt;&lt;td colspan="3"&gt;&lt;a href="Screenshot/result-17.png"&gt;&lt;img src="Screenshot/result-17.png" width="800px"&gt;&lt;/a&gt;</msg>
<arg>./Screenshot/result-{index}.png</arg>
<doc>Takes a screenshot of the current page and embeds it into a log file.</doc>
<status status="PASS" start="2024-04-08T19:05:05.076279" elapsed="0.181348"/>
</kw>
<status status="PASS" start="2024-04-08T19:05:05.072210" elapsed="0.185417"/>
</kw>
<kw name="Close Browser" owner="SeleniumLibrary">
<doc>Closes the current browser.</doc>
<status status="PASS" start="2024-04-08T19:05:05.257627" elapsed="2.395928"/>
</kw>
<status status="PASS" start="2024-04-08T19:04:50.535672" elapsed="17.118821"/>
</test>
<status status="PASS" start="2024-04-08T19:00:10.162886" elapsed="297.498522"/>
</suite>
<statistics>
<total>
<stat pass="17" fail="0" skip="0">All Tests</stat>
</total>
<tag>
</tag>
<suite>
<stat pass="17" fail="0" skip="0" id="s1" name="validationTest">validationTest</stat>
</suite>
</statistics>
<errors>
</errors>
</robot>
